<?xml version="1.0" encoding="UTF-8"?>
<testsuites name="newwwww" time="52.993" tests="1" failures="0" errors="0">
   <testsuite name="newwwww" tests="1" failures="0" errors="0" time="52.993" skipped="0" timestamp="2023-04-17 22:05:06" hostname="mkim - C1HXRG3" id="Test Suites/newwwww">
      <properties>
         <property name="deviceName" value=""/>
         <property name="devicePlatform" value=""/>
         <property name="logFolder" value="C:\\Users\\mkim\\git\\katalonvisualtestingdsfsdf\\Reports\\20230417_220458\\newwwww\\20230417_220459"/>
         <property name="logFiles" value="C:\\Users\\mkim\\git\\katalonvisualtestingdsfsdf\\Reports\\20230417_220458\\newwwww\\20230417_220459\\execution0.log"/>
         <property name="attachments" value="C:\\Users\\mkim\\git\\katalonvisualtestingdsfsdf\\Reports\\20230417_220458\\newwwww\\20230417_220459\\1681794324600.png, keyes\keyes-landingpage.png, keyes\keyes-blankreport.png"/>
         <property name="hostName" value="mkim - C1HXRG3"/>
         <property name="os" value="Windows 10 64bit"/>
         <property name="katalonVersion" value="8.6.0.208"/>
         <property name="browser" value="Chrome 112.0.0.0"/>
         <property name="hostAddress" value="192.168.0.220"/>
         <property name="sessionId" value="20a60fb863d0a423a6972e4bb9327b47"/>
         <property name="seleniumVersion" value="3.141.59"/>
         <property name="proxyInformation" value="ProxyInformation { proxyOption=NO_PROXY, proxyServerType=HTTP, username=, password=********, proxyServerAddress=, proxyServerPort=0, executionList=&quot;&quot;, isApplyToDesiredCapabilities=true }"/>
         <property name="platform" value="Windows 10"/>
      </properties>
      <testcase name="Test Cases/reports" time="34.882" classname="Test Cases/reports" status="PASSED">
         <system-out><![CDATA[2023-04-17 22:05:24 - [TEST_CASE][PASSED] - Test Cases/reports: Test Cases/reports

2023-04-17 22:05:24 - [TEST_STEP][PASSED] - openBrowser(""): Browser is opened with url: ''

2023-04-17 22:05:24 - [MESSAGE][WARNING] - A browser is already opened. Closing browser and opening a new one

2023-04-17 22:05:27 - [MESSAGE][INFO] - Starting 'Chrome' driver

2023-04-17 22:05:27 - [MESSAGE][INFO] - Action delay is set to 0 milliseconds

2023-04-17 22:05:28 - [MESSAGE][PASSED] - Browser is opened with url: ''

2023-04-17 22:05:28 - [TEST_STEP][PASSED] - navigateToUrl("https://lightning.app.solverglobal.com/"): Navigate to 'https://lightning.app.solverglobal.com/' successfully

2023-04-17 22:05:31 - [MESSAGE][PASSED] - Navigate to 'https://lightning.app.solverglobal.com/' successfully

2023-04-17 22:05:31 - [TEST_STEP][PASSED] - waitForPageLoad(10): Wait for page load successfully

2023-04-17 22:05:31 - [MESSAGE][PASSED] - Wait for page load successfully

2023-04-17 22:05:31 - [TEST_STEP][PASSED] - setText(findTestObject("Object Repository/Page_Solver/input_Email_email"), "mkim@solverglobal.com"): Text 'mkim@solverglobal.com' is set on object 'Object Repository/Page_Solver/input_Email_email'

2023-04-17 22:05:34 - [MESSAGE][PASSED] - Text 'mkim@solverglobal.com' is set on object 'Object Repository/Page_Solver/input_Email_email'

2023-04-17 22:05:34 - [TEST_STEP][PASSED] - click(findTestObject("Object Repository/Page_Solver/ng-transclude_Next")): Object: 'Object Repository/Page_Solver/ng-transclude_Next' is clicked on

2023-04-17 22:05:34 - [MESSAGE][PASSED] - Object: 'Object Repository/Page_Solver/ng-transclude_Next' is clicked on

2023-04-17 22:05:34 - [TEST_STEP][PASSED] - waitForElementPresent(findTestObject("Object Repository/Page_Solver/input_Password_model.Password"), 20): Object 'Object Repository/Page_Solver/input_Password_model.Password' is present

2023-04-17 22:05:35 - [MESSAGE][PASSED] - Object 'Object Repository/Page_Solver/input_Password_model.Password' is present

2023-04-17 22:05:35 - [TEST_STEP][PASSED] - setEncryptedText(findTestObject("Object Repository/Page_Solver/input_Password_model.Password"), "nBAqZCBhT5nQHzNSyI4ifQ=="): Text ****** has been set on object 'Object Repository/Page_Solver/input_Password_model.Password'

2023-04-17 22:05:36 - [MESSAGE][PASSED] - Text ****** has been set on object 'Object Repository/Page_Solver/input_Password_model.Password'

2023-04-17 22:05:36 - [TEST_STEP][PASSED] - click(findTestObject("Object Repository/Page_Solver/span_Sign in")): Object: 'Object Repository/Page_Solver/span_Sign in' is clicked on

2023-04-17 22:05:38 - [MESSAGE][PASSED] - Object: 'Object Repository/Page_Solver/span_Sign in' is clicked on

2023-04-17 22:05:38 - [TEST_STEP][PASSED] - waitForElementClickable(findTestObject("Page_Home - Solver/div_Report Templates"), 5): Object 'Object Repository/Page_Home - Solver/div_Report Templates' is clickable

2023-04-17 22:05:40 - [MESSAGE][INFO] - Unable to find the element located by 'By.xpath: //a[@id='anchor_af80fffc-c5d7-4d3b-a77e-46ba52b778a3']/div'. Please recheck the objects properties to make sure the desired element is located. 

2023-04-17 22:05:40 - [MESSAGE][WARNING] - [SELF-HEALING] Failed to find element with id 'Object Repository/Page_Home - Solver/div_Report Templates'. Try using Self-healing.

2023-04-17 22:05:41 - [MESSAGE][INFO] - Unable to find the element located by 'By.xpath: (.//*[normalize-space(text()) and normalize-space(.)='Report Templates'])[1]/following::div[1]'. Please recheck the objects properties to make sure the desired element is located. 

2023-04-17 22:05:45 - [MESSAGE][INFO] - Unable to find the element located by 'By.xpath: (.//*[normalize-space(text()) and normalize-space(.)='Ad Hoc Reporting'])[2]/following::div[1]'. Please recheck the objects properties to make sure the desired element is located. 

2023-04-17 22:05:46 - [MESSAGE][INFO] - [SELF-HEALING] Failed Locator: '//a[@id='anchor_af80fffc-c5d7-4d3b-a77e-46ba52b778a3']/div'.

2023-04-17 22:05:46 - [MESSAGE][INFO] - [SELF-HEALING] Working Locator: '(.//*[normalize-space(text()) and normalize-space(.)='Report Templates'])[1]/following::div[1]'.

2023-04-17 22:05:46 - [MESSAGE][INFO] - [SELF-HEALING] Screenshot: C:/Users/mkim/git/katalonvisualtestingdsfsdf/Reports/Self-healing/Object Repository/Page_Home - Solver/div_Report Templates_neighbor.png

2023-04-17 22:05:46 - [MESSAGE][WARNING] - [SELF-HEALING] The current locator of test object 'Object Repository/Page_Home - Solver/div_Report Templates' was broken. Propose an alternative one: '(.//*[normalize-space(text()) and normalize-space(.)='Report Templates'])[1]/following::div[1]'.

2023-04-17 22:05:46 - [MESSAGE][PASSED] - Object 'Object Repository/Page_Home - Solver/div_Report Templates' is clickable

2023-04-17 22:05:46 - [TEST_STEP][PASSED] - takeScreenshotAsCheckpoint("landingpage"): Taking screenshot successfully

2023-04-17 22:05:47 - [MESSAGE][INFO] - 0 hidden object(s)

2023-04-17 22:05:47 - [MESSAGE][PASSED] - Taking screenshot successfully
[[ATTACHMENT|keyes\keyes-landingpage.png]]

2023-04-17 22:05:47 - [TEST_STEP][PASSED] - verifyElementClickable(findTestObject("Object Repository/Page_Home - Solver/div_Report Templates")): Object 'Object Repository/Page_Home - Solver/div_Report Templates' is clickable

2023-04-17 22:05:48 - [MESSAGE][INFO] - Unable to find the element located by 'By.xpath: //a[@id='anchor_af80fffc-c5d7-4d3b-a77e-46ba52b778a3']/div'. Please recheck the objects properties to make sure the desired element is located. 

2023-04-17 22:05:48 - [MESSAGE][WARNING] - [SELF-HEALING] Failed to find element with id 'Object Repository/Page_Home - Solver/div_Report Templates'. Try using Self-healing.

2023-04-17 22:05:48 - [MESSAGE][WARNING] - [SELF-HEALING] The current locator of test object 'Object Repository/Page_Home - Solver/div_Report Templates' was broken. Propose an alternative one: '(.//*[normalize-space(text()) and normalize-space(.)='Report Templates'])[1]/following::div[1]'.

2023-04-17 22:05:48 - [MESSAGE][PASSED] - Object 'Object Repository/Page_Home - Solver/div_Report Templates' is clickable

2023-04-17 22:05:48 - [TEST_STEP][PASSED] - click(findTestObject("Object Repository/Page_Home - Solver/div_Report Templates")): Object: 'Object Repository/Page_Home - Solver/div_Report Templates' is clicked on

2023-04-17 22:05:49 - [MESSAGE][INFO] - Unable to find the element located by 'By.xpath: //a[@id='anchor_af80fffc-c5d7-4d3b-a77e-46ba52b778a3']/div'. Please recheck the objects properties to make sure the desired element is located. 

2023-04-17 22:05:49 - [MESSAGE][WARNING] - [SELF-HEALING] Failed to find element with id 'Object Repository/Page_Home - Solver/div_Report Templates'. Try using Self-healing.

2023-04-17 22:05:50 - [MESSAGE][WARNING] - [SELF-HEALING] The current locator of test object 'Object Repository/Page_Home - Solver/div_Report Templates' was broken. Propose an alternative one: '(.//*[normalize-space(text()) and normalize-space(.)='Report Templates'])[1]/following::div[1]'.

2023-04-17 22:05:50 - [MESSAGE][PASSED] - Object: 'Object Repository/Page_Home - Solver/div_Report Templates' is clicked on

2023-04-17 22:05:50 - [TEST_STEP][PASSED] - waitForElementPresent(findTestObject("Object Repository/Page_Report Templates - Solver/span_New"), 4): Object 'Object Repository/Page_Report Templates - Solver/span_New' is present

2023-04-17 22:05:53 - [MESSAGE][INFO] - Unable to find the element located by 'By.xpath: //div[@id='__single_spa_angular_1']/ui-view/div/div/div/div/div/ur-command-bar/div/div/div/div/div/div/button/span'. Please recheck the objects properties to make sure the desired element is located. 

2023-04-17 22:05:53 - [MESSAGE][WARNING] - [SELF-HEALING] Failed to find element with id 'Object Repository/Page_Report Templates - Solver/span_New'. Try using Self-healing.

2023-04-17 22:05:54 - [MESSAGE][WARNING] - [SELF-HEALING] The current locator of test object 'Object Repository/Page_Report Templates - Solver/span_New' was broken. Propose an alternative one: '(.//*[normalize-space(text()) and normalize-space(.)='Edit in Report Designer'])[1]/preceding::span[3]'.

2023-04-17 22:05:54 - [MESSAGE][PASSED] - Object 'Object Repository/Page_Report Templates - Solver/span_New' is present

2023-04-17 22:05:54 - [TEST_STEP][PASSED] - waitForElementClickable(findTestObject("Page_Report Templates - Solver/span_Mindy_Demo"), 5): Object 'Object Repository/Page_Report Templates - Solver/span_Mindy_Demo' is clickable

2023-04-17 22:05:55 - [MESSAGE][PASSED] - Object 'Object Repository/Page_Report Templates - Solver/span_Mindy_Demo' is clickable

2023-04-17 22:05:55 - [TEST_STEP][PASSED] - click(findTestObject("Object Repository/Page_Report Templates - Solver/span_Mindy_Demo")): Object: 'Object Repository/Page_Report Templates - Solver/span_Mindy_Demo' is clicked on

2023-04-17 22:05:56 - [MESSAGE][PASSED] - Object: 'Object Repository/Page_Report Templates - Solver/span_Mindy_Demo' is clicked on

2023-04-17 22:05:56 - [TEST_STEP][PASSED] - waitForElementClickable(findTestObject("Page_Mindy_Demo - Solver/button_Run"), 5): Object 'Object Repository/Page_Mindy_Demo - Solver/button_Run' is clickable

2023-04-17 22:05:58 - [MESSAGE][PASSED] - Object 'Object Repository/Page_Mindy_Demo - Solver/button_Run' is clickable

2023-04-17 22:05:58 - [TEST_STEP][PASSED] - click(findTestObject("Object Repository/Page_Mindy_Demo - Solver/ng-transclude_Run")): Object: 'Object Repository/Page_Mindy_Demo - Solver/ng-transclude_Run' is clicked on

2023-04-17 22:05:58 - [MESSAGE][PASSED] - Object: 'Object Repository/Page_Mindy_Demo - Solver/ng-transclude_Run' is clicked on

2023-04-17 22:05:58 - [TEST_STEP][PASSED] - waitForPageLoad(20): Wait for page load successfully

2023-04-17 22:05:58 - [MESSAGE][PASSED] - Wait for page load successfully

2023-04-17 22:05:58 - [TEST_STEP][PASSED] - takeScreenshotAsCheckpoint("blankreport"): Taking screenshot successfully

2023-04-17 22:05:59 - [MESSAGE][INFO] - 0 hidden object(s)

2023-04-17 22:05:59 - [MESSAGE][PASSED] - Taking screenshot successfully
[[ATTACHMENT|keyes\keyes-blankreport.png]]]]></system-out>
         <system-err><![CDATA[]]></system-err>
      </testcase>
      <system-out><![CDATA[2023-04-17 22:05:06 - [TEST_SUITE][FAILED] - newwwww: Test Cases/reports FAILED.
Reason:
com.kms.katalon.core.exception.StepFailedException: Unable to set text 'mkim@solverglobal.com' of object 'Object Repository/Page_Solver/input_Email_email'
	at com.kms.katalon.core.webui.keyword.internal.WebUIKeywordMain.stepFailed(WebUIKeywordMain.groovy:64)
	at com.kms.katalon.core.webui.keyword.internal.WebUIKeywordMain.runKeyword(WebUIKeywordMain.groovy:26)
	at com.kms.katalon.core.webui.keyword.builtin.SetTextKeyword.setText(SetTextKeyword.groovy:66)
	at com.kms.katalon.core.webui.keyword.builtin.SetTextKeyword.execute(SetTextKeyword.groovy:37)
	at com.kms.katalon.core.keyword.internal.KeywordExecutor.executeKeywordForPlatform(KeywordExecutor.groovy:74)
	at com.kms.katalon.core.webui.keyword.WebUiBuiltInKeywords.setText(WebUiBuiltInKeywords.groovy:980)
	at com.kms.katalon.core.webui.keyword.WebUiBuiltInKeywords$setText$2.call(Unknown Source)
	at reports.run(reports:26)
	at com.kms.katalon.core.main.ScriptEngine.run(ScriptEngine.java:194)
	at com.kms.katalon.core.main.ScriptEngine.runScriptAsRawText(ScriptEngine.java:119)
	at com.kms.katalon.core.main.TestCaseExecutor.runScript(TestCaseExecutor.java:448)
	at com.kms.katalon.core.main.TestCaseExecutor.doExecute(TestCaseExecutor.java:439)
	at com.kms.katalon.core.main.TestCaseExecutor.processExecutionPhase(TestCaseExecutor.java:418)
	at com.kms.katalon.core.main.TestCaseExecutor.accessMainPhase(TestCaseExecutor.java:410)
	at com.kms.katalon.core.main.TestCaseExecutor.execute(TestCaseExecutor.java:285)
	at com.kms.katalon.core.common.CommonExecutor.accessTestCaseMainPhase(CommonExecutor.java:65)
	at com.kms.katalon.core.main.TestSuiteExecutor.accessTestSuiteMainPhase(TestSuiteExecutor.java:148)
	at com.kms.katalon.core.main.TestSuiteExecutor.execute(TestSuiteExecutor.java:106)
	at com.kms.katalon.core.main.TestCaseMain.startTestSuite(TestCaseMain.java:187)
	at com.kms.katalon.core.main.TestCaseMain$startTestSuite$0.call(Unknown Source)
	at TempTestSuite1681794299938.run(TempTestSuite1681794299938.groovy:36)
Caused by: org.openqa.selenium.InvalidElementStateException: invalid element state
  (Session info: chrome=112.0.5615.87)
Build info: version: '3.141.59', revision: 'e82be7d358', time: '2018-11-14T08:25:53'
System info: host: 'C1HXRG3', ip: '192.168.0.220', os.name: 'Windows 10', os.arch: 'amd64', os.version: '10.0', java.version: '1.8.0_282'
Driver info: com.kms.katalon.selenium.driver.CChromeDriver
Capabilities {acceptInsecureCerts: false, browserName: chrome, browserVersion: 112.0.5615.87, chrome: {chromedriverVersion: 112.0.5615.49 (bd2a7bcb881c..., userDataDir: C:\Users\mkim\AppData\Local...}, goog:chromeOptions: {debuggerAddress: localhost:57001}, javascriptEnabled: true, networkConnectionEnabled: false, pageLoadStrategy: normal, platform: WINDOWS, platformName: WINDOWS, proxy: Proxy(), setWindowRect: true, strictFileInteractability: false, timeouts: {implicit: 0, pageLoad: 300000, script: 30000}, unhandledPromptBehavior: dismiss and notify, webauthn:extension:credBlob: true, webauthn:extension:largeBlob: true, webauthn:extension:minPinLength: true, webauthn:extension:prf: true, webauthn:virtualAuthenticators: true}
Session ID: b19f8022317672e207ffb88e36c3da27
	at org.openqa.selenium.remote.http.W3CHttpResponseCodec.createException(W3CHttpResponseCodec.java:187)
	at org.openqa.selenium.remote.http.W3CHttpResponseCodec.decode(W3CHttpResponseCodec.java:122)
	at org.openqa.selenium.remote.http.W3CHttpResponseCodec.decode(W3CHttpResponseCodec.java:49)
	at org.openqa.selenium.remote.HttpCommandExecutor.execute(HttpCommandExecutor.java:158)
	at org.openqa.selenium.remote.service.DriverCommandExecutor.execute(DriverCommandExecutor.java:83)
	at org.openqa.selenium.remote.RemoteWebDriver.execute(RemoteWebDriver.java:552)
	at com.kms.katalon.selenium.driver.CChromeDriver.execute(CChromeDriver.java:19)
	at org.openqa.selenium.remote.RemoteWebElement.execute(RemoteWebElement.java:285)
	at org.openqa.selenium.remote.RemoteWebElement.clear(RemoteWebElement.java:124)
	at org.openqa.selenium.support.events.EventFiringWebDriver$EventFiringWebElement.lambda$new$0(EventFiringWebDriver.java:404)
	at com.sun.proxy.$Proxy13.clear(Unknown Source)
	at org.openqa.selenium.support.events.EventFiringWebDriver$EventFiringWebElement.clear(EventFiringWebDriver.java:436)
	at com.kms.katalon.core.webui.keyword.builtin.SetTextKeyword$_setText_closure1.doCall(SetTextKeyword.groovy:53)
	at com.kms.katalon.core.webui.keyword.builtin.SetTextKeyword$_setText_closure1.call(SetTextKeyword.groovy)
	at com.kms.katalon.core.webui.keyword.internal.WebUIKeywordMain.runKeyword(WebUIKeywordMain.groovy:20)
	... 19 more]]></system-out>
      <system-err><![CDATA[2023-04-17 22:05:06 - [TEST_SUITE][FAILED] - newwwww: Test Cases/reports FAILED.
Reason:
com.kms.katalon.core.exception.StepFailedException: Unable to set text 'mkim@solverglobal.com' of object 'Object Repository/Page_Solver/input_Email_email'
	at com.kms.katalon.core.webui.keyword.internal.WebUIKeywordMain.stepFailed(WebUIKeywordMain.groovy:64)
	at com.kms.katalon.core.webui.keyword.internal.WebUIKeywordMain.runKeyword(WebUIKeywordMain.groovy:26)
	at com.kms.katalon.core.webui.keyword.builtin.SetTextKeyword.setText(SetTextKeyword.groovy:66)
	at com.kms.katalon.core.webui.keyword.builtin.SetTextKeyword.execute(SetTextKeyword.groovy:37)
	at com.kms.katalon.core.keyword.internal.KeywordExecutor.executeKeywordForPlatform(KeywordExecutor.groovy:74)
	at com.kms.katalon.core.webui.keyword.WebUiBuiltInKeywords.setText(WebUiBuiltInKeywords.groovy:980)
	at com.kms.katalon.core.webui.keyword.WebUiBuiltInKeywords$setText$2.call(Unknown Source)
	at reports.run(reports:26)
	at com.kms.katalon.core.main.ScriptEngine.run(ScriptEngine.java:194)
	at com.kms.katalon.core.main.ScriptEngine.runScriptAsRawText(ScriptEngine.java:119)
	at com.kms.katalon.core.main.TestCaseExecutor.runScript(TestCaseExecutor.java:448)
	at com.kms.katalon.core.main.TestCaseExecutor.doExecute(TestCaseExecutor.java:439)
	at com.kms.katalon.core.main.TestCaseExecutor.processExecutionPhase(TestCaseExecutor.java:418)
	at com.kms.katalon.core.main.TestCaseExecutor.accessMainPhase(TestCaseExecutor.java:410)
	at com.kms.katalon.core.main.TestCaseExecutor.execute(TestCaseExecutor.java:285)
	at com.kms.katalon.core.common.CommonExecutor.accessTestCaseMainPhase(CommonExecutor.java:65)
	at com.kms.katalon.core.main.TestSuiteExecutor.accessTestSuiteMainPhase(TestSuiteExecutor.java:148)
	at com.kms.katalon.core.main.TestSuiteExecutor.execute(TestSuiteExecutor.java:106)
	at com.kms.katalon.core.main.TestCaseMain.startTestSuite(TestCaseMain.java:187)
	at com.kms.katalon.core.main.TestCaseMain$startTestSuite$0.call(Unknown Source)
	at TempTestSuite1681794299938.run(TempTestSuite1681794299938.groovy:36)
Caused by: org.openqa.selenium.InvalidElementStateException: invalid element state
  (Session info: chrome=112.0.5615.87)
Build info: version: '3.141.59', revision: 'e82be7d358', time: '2018-11-14T08:25:53'
System info: host: 'C1HXRG3', ip: '192.168.0.220', os.name: 'Windows 10', os.arch: 'amd64', os.version: '10.0', java.version: '1.8.0_282'
Driver info: com.kms.katalon.selenium.driver.CChromeDriver
Capabilities {acceptInsecureCerts: false, browserName: chrome, browserVersion: 112.0.5615.87, chrome: {chromedriverVersion: 112.0.5615.49 (bd2a7bcb881c..., userDataDir: C:\Users\mkim\AppData\Local...}, goog:chromeOptions: {debuggerAddress: localhost:57001}, javascriptEnabled: true, networkConnectionEnabled: false, pageLoadStrategy: normal, platform: WINDOWS, platformName: WINDOWS, proxy: Proxy(), setWindowRect: true, strictFileInteractability: false, timeouts: {implicit: 0, pageLoad: 300000, script: 30000}, unhandledPromptBehavior: dismiss and notify, webauthn:extension:credBlob: true, webauthn:extension:largeBlob: true, webauthn:extension:minPinLength: true, webauthn:extension:prf: true, webauthn:virtualAuthenticators: true}
Session ID: b19f8022317672e207ffb88e36c3da27
	at org.openqa.selenium.remote.http.W3CHttpResponseCodec.createException(W3CHttpResponseCodec.java:187)
	at org.openqa.selenium.remote.http.W3CHttpResponseCodec.decode(W3CHttpResponseCodec.java:122)
	at org.openqa.selenium.remote.http.W3CHttpResponseCodec.decode(W3CHttpResponseCodec.java:49)
	at org.openqa.selenium.remote.HttpCommandExecutor.execute(HttpCommandExecutor.java:158)
	at org.openqa.selenium.remote.service.DriverCommandExecutor.execute(DriverCommandExecutor.java:83)
	at org.openqa.selenium.remote.RemoteWebDriver.execute(RemoteWebDriver.java:552)
	at com.kms.katalon.selenium.driver.CChromeDriver.execute(CChromeDriver.java:19)
	at org.openqa.selenium.remote.RemoteWebElement.execute(RemoteWebElement.java:285)
	at org.openqa.selenium.remote.RemoteWebElement.clear(RemoteWebElement.java:124)
	at org.openqa.selenium.support.events.EventFiringWebDriver$EventFiringWebElement.lambda$new$0(EventFiringWebDriver.java:404)
	at com.sun.proxy.$Proxy13.clear(Unknown Source)
	at org.openqa.selenium.support.events.EventFiringWebDriver$EventFiringWebElement.clear(EventFiringWebDriver.java:436)
	at com.kms.katalon.core.webui.keyword.builtin.SetTextKeyword$_setText_closure1.doCall(SetTextKeyword.groovy:53)
	at com.kms.katalon.core.webui.keyword.builtin.SetTextKeyword$_setText_closure1.call(SetTextKeyword.groovy)
	at com.kms.katalon.core.webui.keyword.internal.WebUIKeywordMain.runKeyword(WebUIKeywordMain.groovy:20)
	... 19 more]]></system-err>
   </testsuite>
</testsuites>
