<?xml version="1.0" encoding="UTF-8"?>
<testsuites name="newwwww" time="151.871" tests="1" failures="0" errors="0">
   <testsuite name="newwwww" tests="1" failures="0" errors="0" time="151.871" skipped="0" timestamp="2023-04-17 22:15:21" hostname="mkim - C1HXRG3" id="Test Suites/newwwww">
      <properties>
         <property name="deviceName" value=""/>
         <property name="devicePlatform" value=""/>
         <property name="logFolder" value="C:\\Users\\mkim\\git\\katalonvisualtestingdsfsdf\\Reports\\20230417_221513\\newwwww\\20230417_221514"/>
         <property name="logFiles" value="C:\\Users\\mkim\\git\\katalonvisualtestingdsfsdf\\Reports\\20230417_221513\\newwwww\\20230417_221514\\execution0.log"/>
         <property name="attachments" value="C:\\Users\\mkim\\git\\katalonvisualtestingdsfsdf\\Reports\\20230417_221513\\newwwww\\20230417_221514\\1681794937116.png, keyes\keyes-landingpage.png, C:\\Users\\mkim\\git\\katalonvisualtestingdsfsdf\\Reports\\20230417_221513\\newwwww\\20230417_221514\\1681794976114.png, C:\\Users\\mkim\\git\\katalonvisualtestingdsfsdf\\Reports\\20230417_221513\\newwwww\\20230417_221514\\1681794976211.png, keyes\keyes-landingpage.png, keyes\keyes-reportnames.png, C:\\Users\\mkim\\git\\katalonvisualtestingdsfsdf\\Reports\\20230417_221513\\newwwww\\20230417_221514\\1681795016674.png, keyes\keyes-landingpage.png, keyes\keyes-reportnames.png, keyes\keyes-blankreport.png"/>
         <property name="hostName" value="mkim - C1HXRG3"/>
         <property name="os" value="Windows 10 64bit"/>
         <property name="katalonVersion" value="8.6.0.208"/>
         <property name="browser" value="Chrome 112.0.0.0"/>
         <property name="hostAddress" value="192.168.0.220"/>
         <property name="sessionId" value="2d59fc2515ab88e1d1bad51cd3766ba8"/>
         <property name="seleniumVersion" value="3.141.59"/>
         <property name="proxyInformation" value="ProxyInformation { proxyOption=NO_PROXY, proxyServerType=HTTP, username=, password=********, proxyServerAddress=, proxyServerPort=0, executionList=&quot;&quot;, isApplyToDesiredCapabilities=true }"/>
         <property name="platform" value="Windows 10"/>
      </properties>
      <testcase name="Test Cases/reports" time="56.624" classname="Test Cases/reports" status="PASSED">
         <system-out><![CDATA[2023-04-17 22:16:56 - [TEST_CASE][PASSED] - Test Cases/reports: Test Cases/reports

2023-04-17 22:16:56 - [TEST_STEP][PASSED] - openBrowser(""): Browser is opened with url: ''

2023-04-17 22:16:56 - [MESSAGE][WARNING] - A browser is already opened. Closing browser and opening a new one

2023-04-17 22:16:57 - [MESSAGE][INFO] - Starting 'Chrome' driver

2023-04-17 22:16:57 - [MESSAGE][INFO] - Action delay is set to 0 milliseconds

2023-04-17 22:16:59 - [MESSAGE][PASSED] - Browser is opened with url: ''

2023-04-17 22:16:59 - [TEST_STEP][PASSED] - navigateToUrl("https://lightning.app.solverglobal.com/"): Navigate to 'https://lightning.app.solverglobal.com/' successfully

2023-04-17 22:17:02 - [MESSAGE][PASSED] - Navigate to 'https://lightning.app.solverglobal.com/' successfully

2023-04-17 22:17:02 - [TEST_STEP][PASSED] - waitForPageLoad(10): Wait for page load successfully

2023-04-17 22:17:02 - [MESSAGE][PASSED] - Wait for page load successfully

2023-04-17 22:17:02 - [TEST_STEP][PASSED] - setText(findTestObject("Object Repository/Page_Solver/input_Email_email"), "mkim@solverglobal.com"): Text 'mkim@solverglobal.com' is set on object 'Object Repository/Page_Solver/input_Email_email'

2023-04-17 22:17:03 - [MESSAGE][INFO] - Unable to find the element located by 'By.xpath: //input[@name='email']'. Please recheck the objects properties to make sure the desired element is located. 

2023-04-17 22:17:03 - [MESSAGE][WARNING] - [SELF-HEALING] Failed to find element with id 'Object Repository/Page_Solver/input_Email_email'. Try using Self-healing.

2023-04-17 22:17:06 - [MESSAGE][INFO] - Unable to find the element located by 'By.cssSelector: input[name="email"]'. Please recheck the objects properties to make sure the desired element is located. 

2023-04-17 22:17:07 - [MESSAGE][INFO] - Unable to find the element located by 'By.xpath: //input'. Please recheck the objects properties to make sure the desired element is located. 

2023-04-17 22:17:08 - [MESSAGE][INFO] - Unable to find the element located by 'By.xpath: //*[@name = 'email']'. Please recheck the objects properties to make sure the desired element is located. 

2023-04-17 22:17:09 - [MESSAGE][INFO] - [SELF-HEALING] Failed Locator: '//input[@name='email']'.

2023-04-17 22:17:09 - [MESSAGE][INFO] - [SELF-HEALING] Failed Locator: '//div[@id='fullscreen-root-container']/div/div/div[2]/osr-login/osr-email-input/form/osr-label/ng-transclude/osr-text-box/div/input'.

2023-04-17 22:17:09 - [MESSAGE][INFO] - [SELF-HEALING] Failed Locator: '//input'.

2023-04-17 22:17:10 - [MESSAGE][INFO] - [SELF-HEALING] Working Locator: '//input[@name = 'email']'.

2023-04-17 22:17:11 - [MESSAGE][INFO] - [SELF-HEALING] Screenshot: C:/Users/mkim/git/katalonvisualtestingdsfsdf/Reports/Self-healing/Object Repository/Page_Solver/input_Email_email_customAttributes.png

2023-04-17 22:17:11 - [MESSAGE][WARNING] - [SELF-HEALING] The current locator of test object 'Object Repository/Page_Solver/input_Email_email' was broken. Propose an alternative one: '//input[@name = 'email']'.

2023-04-17 22:17:11 - [MESSAGE][PASSED] - Text 'mkim@solverglobal.com' is set on object 'Object Repository/Page_Solver/input_Email_email'

2023-04-17 22:17:11 - [TEST_STEP][PASSED] - click(findTestObject("Object Repository/Page_Solver/ng-transclude_Next")): Object: 'Object Repository/Page_Solver/ng-transclude_Next' is clicked on

2023-04-17 22:17:11 - [MESSAGE][PASSED] - Object: 'Object Repository/Page_Solver/ng-transclude_Next' is clicked on

2023-04-17 22:17:11 - [TEST_STEP][PASSED] - waitForElementPresent(findTestObject("Object Repository/Page_Solver/input_Password_model.Password"), 20): Object 'Object Repository/Page_Solver/input_Password_model.Password' is present

2023-04-17 22:17:13 - [MESSAGE][PASSED] - Object 'Object Repository/Page_Solver/input_Password_model.Password' is present

2023-04-17 22:17:13 - [TEST_STEP][PASSED] - setEncryptedText(findTestObject("Object Repository/Page_Solver/input_Password_model.Password"), "nBAqZCBhT5nQHzNSyI4ifQ=="): Text ****** has been set on object 'Object Repository/Page_Solver/input_Password_model.Password'

2023-04-17 22:17:14 - [MESSAGE][PASSED] - Text ****** has been set on object 'Object Repository/Page_Solver/input_Password_model.Password'

2023-04-17 22:17:14 - [TEST_STEP][PASSED] - click(findTestObject("Object Repository/Page_Solver/span_Sign in")): Object: 'Object Repository/Page_Solver/span_Sign in' is clicked on

2023-04-17 22:17:14 - [MESSAGE][PASSED] - Object: 'Object Repository/Page_Solver/span_Sign in' is clicked on

2023-04-17 22:17:14 - [TEST_STEP][PASSED] - waitForElementClickable(findTestObject("Page_Home - Solver/div_Report Templates"), 5): Web element with id: 'Object Repository/Page_Home - Solver/div_Report Templates' located by '//a[@id='anchor_af80fffc-c5d7-4d3b-a77e-46ba52b778a3']/div' not found

2023-04-17 22:17:19 - [MESSAGE][INFO] - Unable to find the element located by 'By.xpath: //a[@id='anchor_af80fffc-c5d7-4d3b-a77e-46ba52b778a3']/div'. Please recheck the objects properties to make sure the desired element is located. 

2023-04-17 22:17:19 - [MESSAGE][WARNING] - [SELF-HEALING] Failed to find element with id 'Object Repository/Page_Home - Solver/div_Report Templates'. Try using Self-healing.

2023-04-17 22:17:21 - [MESSAGE][INFO] - Unable to find the element located by 'By.xpath: (.//*[normalize-space(text()) and normalize-space(.)='Report Templates'])[1]/following::div[1]'. Please recheck the objects properties to make sure the desired element is located. 

2023-04-17 22:17:22 - [MESSAGE][INFO] - Unable to find the element located by 'By.xpath: (.//*[normalize-space(text()) and normalize-space(.)='Ad Hoc Reporting'])[2]/following::div[1]'. Please recheck the objects properties to make sure the desired element is located. 

2023-04-17 22:17:23 - [MESSAGE][INFO] - [SELF-HEALING] Failed Locator: '//a[@id='anchor_af80fffc-c5d7-4d3b-a77e-46ba52b778a3']/div'.

2023-04-17 22:17:24 - [MESSAGE][INFO] - [SELF-HEALING] Failed Locator: '(.//*[normalize-space(text()) and normalize-space(.)='Report Templates'])[1]/following::div[1]'.

2023-04-17 22:17:25 - [MESSAGE][INFO] - [SELF-HEALING] Failed Locator: '(.//*[normalize-space(text()) and normalize-space(.)='Ad Hoc Reporting'])[2]/following::div[1]'.

2023-04-17 22:17:26 - [MESSAGE][INFO] - [SELF-HEALING] Failed Locator: '(.//*[normalize-space(text()) and normalize-space(.)='Publisher'])[1]/preceding::div[1]'.

2023-04-17 22:17:27 - [MESSAGE][INFO] - [SELF-HEALING] Failed Locator: '(.//*[normalize-space(text()) and normalize-space(.)='Publisher'])[2]/preceding::div[1]'.

2023-04-17 22:17:28 - [MESSAGE][INFO] - [SELF-HEALING] Failed Locator: '//li[5]/a/div'.

2023-04-17 22:17:29 - [MESSAGE][INFO] - [SELF-HEALING] Failed Locator: '//div[(text() = 'Report Templates' or . = 'Report Templates')]'.

2023-04-17 22:17:31 - [MESSAGE][INFO] - Unable to find the element located by 'By.xpath: //*[(text() = 'Report Templates' or . = 'Report Templates')]'. Please recheck the objects properties to make sure the desired element is located. 

2023-04-17 22:17:32 - [MESSAGE][INFO] - Unable to find the element located by 'By.cssSelector: #anchor_af80fffc-c5d7-4d3b-a77e-46ba52b778a3 > div.navbar__title'. Please recheck the objects properties to make sure the desired element is located. 

2023-04-17 22:17:32 - [MESSAGE][WARNING] - Web element with id: 'Object Repository/Page_Home - Solver/div_Report Templates' located by '//a[@id='anchor_af80fffc-c5d7-4d3b-a77e-46ba52b778a3']/div' not found

2023-04-17 22:17:32 - [TEST_STEP][PASSED] - takeScreenshotAsCheckpoint("landingpage"): Taking screenshot successfully

2023-04-17 22:17:33 - [MESSAGE][INFO] - 0 hidden object(s)

2023-04-17 22:17:33 - [MESSAGE][PASSED] - Taking screenshot successfully
[[ATTACHMENT|keyes\keyes-landingpage.png]]

2023-04-17 22:17:33 - [TEST_STEP][PASSED] - verifyElementClickable(findTestObject("Object Repository/Page_Home - Solver/div_Report Templates")): Object 'Object Repository/Page_Home - Solver/div_Report Templates' is clickable

2023-04-17 22:17:34 - [MESSAGE][INFO] - Unable to find the element located by 'By.xpath: //a[@id='anchor_af80fffc-c5d7-4d3b-a77e-46ba52b778a3']/div'. Please recheck the objects properties to make sure the desired element is located. 

2023-04-17 22:17:34 - [MESSAGE][WARNING] - [SELF-HEALING] Failed to find element with id 'Object Repository/Page_Home - Solver/div_Report Templates'. Try using Self-healing.

2023-04-17 22:17:35 - [MESSAGE][INFO] - Unable to find the element located by 'By.xpath: (.//*[normalize-space(text()) and normalize-space(.)='Report Templates'])[1]/following::div[1]'. Please recheck the objects properties to make sure the desired element is located. 

2023-04-17 22:17:36 - [MESSAGE][INFO] - Unable to find the element located by 'By.xpath: (.//*[normalize-space(text()) and normalize-space(.)='Ad Hoc Reporting'])[2]/following::div[1]'. Please recheck the objects properties to make sure the desired element is located. 

2023-04-17 22:17:37 - [MESSAGE][INFO] - [SELF-HEALING] Failed Locator: '//a[@id='anchor_af80fffc-c5d7-4d3b-a77e-46ba52b778a3']/div'.

2023-04-17 22:17:38 - [MESSAGE][INFO] - [SELF-HEALING] Failed Locator: '(.//*[normalize-space(text()) and normalize-space(.)='Report Templates'])[1]/following::div[1]'.

2023-04-17 22:17:39 - [MESSAGE][INFO] - [SELF-HEALING] Working Locator: '(.//*[normalize-space(text()) and normalize-space(.)='Ad Hoc Reporting'])[2]/following::div[1]'.

2023-04-17 22:17:39 - [MESSAGE][INFO] - [SELF-HEALING] Screenshot: C:/Users/mkim/git/katalonvisualtestingdsfsdf/Reports/Self-healing/Object Repository/Page_Home - Solver/div_Report Templates_neighbor.png

2023-04-17 22:17:39 - [MESSAGE][WARNING] - [SELF-HEALING] The current locator of test object 'Object Repository/Page_Home - Solver/div_Report Templates' was broken. Propose an alternative one: '(.//*[normalize-space(text()) and normalize-space(.)='Ad Hoc Reporting'])[2]/following::div[1]'.

2023-04-17 22:17:39 - [MESSAGE][PASSED] - Object 'Object Repository/Page_Home - Solver/div_Report Templates' is clickable

2023-04-17 22:17:39 - [TEST_STEP][PASSED] - click(findTestObject("Object Repository/Page_Home - Solver/div_Report Templates")): Object: 'Object Repository/Page_Home - Solver/div_Report Templates' is clicked on

2023-04-17 22:17:40 - [MESSAGE][INFO] - Unable to find the element located by 'By.xpath: //a[@id='anchor_af80fffc-c5d7-4d3b-a77e-46ba52b778a3']/div'. Please recheck the objects properties to make sure the desired element is located. 

2023-04-17 22:17:40 - [MESSAGE][WARNING] - [SELF-HEALING] Failed to find element with id 'Object Repository/Page_Home - Solver/div_Report Templates'. Try using Self-healing.

2023-04-17 22:17:40 - [MESSAGE][WARNING] - [SELF-HEALING] The current locator of test object 'Object Repository/Page_Home - Solver/div_Report Templates' was broken. Propose an alternative one: '(.//*[normalize-space(text()) and normalize-space(.)='Report Templates'])[1]/following::div[1]'.

2023-04-17 22:17:40 - [MESSAGE][PASSED] - Object: 'Object Repository/Page_Home - Solver/div_Report Templates' is clicked on

2023-04-17 22:17:40 - [TEST_STEP][PASSED] - waitForElementPresent(findTestObject("Object Repository/Page_Report Templates - Solver/span_New"), 4): Object 'Object Repository/Page_Report Templates - Solver/span_New' is present

2023-04-17 22:17:41 - [MESSAGE][INFO] - Unable to find the element located by 'By.xpath: //div[@id='__single_spa_angular_1']/ui-view/div/div/div/div/div/ur-command-bar/div/div/div/div/div/div/button/span'. Please recheck the objects properties to make sure the desired element is located. 

2023-04-17 22:17:41 - [MESSAGE][WARNING] - [SELF-HEALING] Failed to find element with id 'Object Repository/Page_Report Templates - Solver/span_New'. Try using Self-healing.

2023-04-17 22:17:44 - [MESSAGE][INFO] - Unable to find the element located by 'By.xpath: //span[(text() = 'New' or . = 'New')]'. Please recheck the objects properties to make sure the desired element is located. 

2023-04-17 22:17:45 - [MESSAGE][INFO] - Unable to find the element located by 'By.xpath: (.//*[normalize-space(text()) and normalize-space(.)='Edit in Report Designer'])[1]/preceding::span[3]'. Please recheck the objects properties to make sure the desired element is located. 

2023-04-17 22:17:46 - [MESSAGE][INFO] - [SELF-HEALING] Working Locator: '//div[@id='__single_spa_angular_1']/ui-view/div/div/div/div/div/ur-command-bar/div/div/div/div/div/div/button/span'.

2023-04-17 22:17:46 - [MESSAGE][INFO] - [SELF-HEALING] Screenshot: C:/Users/mkim/git/katalonvisualtestingdsfsdf/Reports/Self-healing/Object Repository/Page_Report Templates - Solver/span_New_idRelative.png

2023-04-17 22:17:46 - [MESSAGE][WARNING] - [SELF-HEALING] The current locator of test object 'Object Repository/Page_Report Templates - Solver/span_New' was broken. Propose an alternative one: '//div[@id='__single_spa_angular_1']/ui-view/div/div/div/div/div/ur-command-bar/div/div/div/div/div/div/button/span'.

2023-04-17 22:17:46 - [MESSAGE][PASSED] - Object 'Object Repository/Page_Report Templates - Solver/span_New' is present

2023-04-17 22:17:46 - [TEST_STEP][PASSED] - waitForElementClickable(findTestObject("Page_Report Templates - Solver/span_Mindy_Demo"), 5): Object 'Object Repository/Page_Report Templates - Solver/span_Mindy_Demo' is clickable

2023-04-17 22:17:47 - [MESSAGE][PASSED] - Object 'Object Repository/Page_Report Templates - Solver/span_Mindy_Demo' is clickable

2023-04-17 22:17:47 - [TEST_STEP][PASSED] - takeScreenshotAsCheckpoint("reportnames"): Taking screenshot successfully

2023-04-17 22:17:47 - [MESSAGE][INFO] - 0 hidden object(s)

2023-04-17 22:17:47 - [MESSAGE][PASSED] - Taking screenshot successfully
[[ATTACHMENT|keyes\keyes-reportnames.png]]

2023-04-17 22:17:47 - [TEST_STEP][PASSED] - click(findTestObject("Object Repository/Page_Report Templates - Solver/span_Mindy_Demo")): Object: 'Object Repository/Page_Report Templates - Solver/span_Mindy_Demo' is clicked on

2023-04-17 22:17:48 - [MESSAGE][PASSED] - Object: 'Object Repository/Page_Report Templates - Solver/span_Mindy_Demo' is clicked on

2023-04-17 22:17:48 - [TEST_STEP][PASSED] - waitForElementClickable(findTestObject("Page_Mindy_Demo - Solver/button_Run"), 5): Object 'Object Repository/Page_Mindy_Demo - Solver/button_Run' is clickable

2023-04-17 22:17:50 - [MESSAGE][PASSED] - Object 'Object Repository/Page_Mindy_Demo - Solver/button_Run' is clickable

2023-04-17 22:17:50 - [TEST_STEP][PASSED] - click(findTestObject("Object Repository/Page_Mindy_Demo - Solver/ng-transclude_Run")): Object: 'Object Repository/Page_Mindy_Demo - Solver/ng-transclude_Run' is clicked on

2023-04-17 22:17:51 - [MESSAGE][PASSED] - Object: 'Object Repository/Page_Mindy_Demo - Solver/ng-transclude_Run' is clicked on

2023-04-17 22:17:51 - [TEST_STEP][PASSED] - waitForPageLoad(20): Wait for page load successfully

2023-04-17 22:17:51 - [MESSAGE][PASSED] - Wait for page load successfully

2023-04-17 22:17:51 - [TEST_STEP][PASSED] - takeScreenshotAsCheckpoint("blankreport"): Taking screenshot successfully

2023-04-17 22:17:53 - [MESSAGE][INFO] - 0 hidden object(s)

2023-04-17 22:17:53 - [MESSAGE][PASSED] - Taking screenshot successfully
[[ATTACHMENT|keyes\keyes-blankreport.png]]]]></system-out>
         <system-err><![CDATA[]]></system-err>
      </testcase>
      <system-out><![CDATA[2023-04-17 22:15:21 - [TEST_SUITE][FAILED] - newwwww: Test Cases/reports FAILED.
Reason:
com.kms.katalon.core.exception.StepFailedException: Unable to set text 'mkim@solverglobal.com' of object 'Object Repository/Page_Solver/input_Email_email'
	at com.kms.katalon.core.webui.keyword.internal.WebUIKeywordMain.stepFailed(WebUIKeywordMain.groovy:64)
	at com.kms.katalon.core.webui.keyword.internal.WebUIKeywordMain.runKeyword(WebUIKeywordMain.groovy:26)
	at com.kms.katalon.core.webui.keyword.builtin.SetTextKeyword.setText(SetTextKeyword.groovy:66)
	at com.kms.katalon.core.webui.keyword.builtin.SetTextKeyword.execute(SetTextKeyword.groovy:37)
	at com.kms.katalon.core.keyword.internal.KeywordExecutor.executeKeywordForPlatform(KeywordExecutor.groovy:74)
	at com.kms.katalon.core.webui.keyword.WebUiBuiltInKeywords.setText(WebUiBuiltInKeywords.groovy:980)
	at com.kms.katalon.core.webui.keyword.WebUiBuiltInKeywords$setText$2.call(Unknown Source)
	at reports.run(reports:26)
	at com.kms.katalon.core.main.ScriptEngine.run(ScriptEngine.java:194)
	at com.kms.katalon.core.main.ScriptEngine.runScriptAsRawText(ScriptEngine.java:119)
	at com.kms.katalon.core.main.TestCaseExecutor.runScript(TestCaseExecutor.java:448)
	at com.kms.katalon.core.main.TestCaseExecutor.doExecute(TestCaseExecutor.java:439)
	at com.kms.katalon.core.main.TestCaseExecutor.processExecutionPhase(TestCaseExecutor.java:418)
	at com.kms.katalon.core.main.TestCaseExecutor.accessMainPhase(TestCaseExecutor.java:410)
	at com.kms.katalon.core.main.TestCaseExecutor.execute(TestCaseExecutor.java:285)
	at com.kms.katalon.core.common.CommonExecutor.accessTestCaseMainPhase(CommonExecutor.java:65)
	at com.kms.katalon.core.main.TestSuiteExecutor.accessTestSuiteMainPhase(TestSuiteExecutor.java:148)
	at com.kms.katalon.core.main.TestSuiteExecutor.execute(TestSuiteExecutor.java:106)
	at com.kms.katalon.core.main.TestCaseMain.startTestSuite(TestCaseMain.java:187)
	at com.kms.katalon.core.main.TestCaseMain$startTestSuite$0.call(Unknown Source)
	at TempTestSuite1681794914951.run(TempTestSuite1681794914951.groovy:36)
Caused by: com.kms.katalon.core.webui.exception.WebElementNotFoundException: Web element with id: 'Object Repository/Page_Solver/input_Email_email' located by '//input[@name='email']' not found
	at com.kms.katalon.core.webui.common.WebUiCommonHelper.findWebElement(WebUiCommonHelper.java:1376)
	at com.kms.katalon.core.webui.keyword.internal.WebUIAbstractKeyword.findWebElement(WebUIAbstractKeyword.groovy:27)
	at com.kms.katalon.core.webui.keyword.internal.WebUIAbstractKeyword.findWebElement(WebUIAbstractKeyword.groovy:26)
	at com.kms.katalon.core.webui.keyword.builtin.SetTextKeyword$_setText_closure1.doCall(SetTextKeyword.groovy:51)
	at com.kms.katalon.core.webui.keyword.builtin.SetTextKeyword$_setText_closure1.call(SetTextKeyword.groovy)
	at com.kms.katalon.core.webui.keyword.internal.WebUIKeywordMain.runKeyword(WebUIKeywordMain.groovy:20)
	... 19 more]]></system-out>
      <system-err><![CDATA[2023-04-17 22:15:21 - [TEST_SUITE][FAILED] - newwwww: Test Cases/reports FAILED.
Reason:
com.kms.katalon.core.exception.StepFailedException: Unable to set text 'mkim@solverglobal.com' of object 'Object Repository/Page_Solver/input_Email_email'
	at com.kms.katalon.core.webui.keyword.internal.WebUIKeywordMain.stepFailed(WebUIKeywordMain.groovy:64)
	at com.kms.katalon.core.webui.keyword.internal.WebUIKeywordMain.runKeyword(WebUIKeywordMain.groovy:26)
	at com.kms.katalon.core.webui.keyword.builtin.SetTextKeyword.setText(SetTextKeyword.groovy:66)
	at com.kms.katalon.core.webui.keyword.builtin.SetTextKeyword.execute(SetTextKeyword.groovy:37)
	at com.kms.katalon.core.keyword.internal.KeywordExecutor.executeKeywordForPlatform(KeywordExecutor.groovy:74)
	at com.kms.katalon.core.webui.keyword.WebUiBuiltInKeywords.setText(WebUiBuiltInKeywords.groovy:980)
	at com.kms.katalon.core.webui.keyword.WebUiBuiltInKeywords$setText$2.call(Unknown Source)
	at reports.run(reports:26)
	at com.kms.katalon.core.main.ScriptEngine.run(ScriptEngine.java:194)
	at com.kms.katalon.core.main.ScriptEngine.runScriptAsRawText(ScriptEngine.java:119)
	at com.kms.katalon.core.main.TestCaseExecutor.runScript(TestCaseExecutor.java:448)
	at com.kms.katalon.core.main.TestCaseExecutor.doExecute(TestCaseExecutor.java:439)
	at com.kms.katalon.core.main.TestCaseExecutor.processExecutionPhase(TestCaseExecutor.java:418)
	at com.kms.katalon.core.main.TestCaseExecutor.accessMainPhase(TestCaseExecutor.java:410)
	at com.kms.katalon.core.main.TestCaseExecutor.execute(TestCaseExecutor.java:285)
	at com.kms.katalon.core.common.CommonExecutor.accessTestCaseMainPhase(CommonExecutor.java:65)
	at com.kms.katalon.core.main.TestSuiteExecutor.accessTestSuiteMainPhase(TestSuiteExecutor.java:148)
	at com.kms.katalon.core.main.TestSuiteExecutor.execute(TestSuiteExecutor.java:106)
	at com.kms.katalon.core.main.TestCaseMain.startTestSuite(TestCaseMain.java:187)
	at com.kms.katalon.core.main.TestCaseMain$startTestSuite$0.call(Unknown Source)
	at TempTestSuite1681794914951.run(TempTestSuite1681794914951.groovy:36)
Caused by: com.kms.katalon.core.webui.exception.WebElementNotFoundException: Web element with id: 'Object Repository/Page_Solver/input_Email_email' located by '//input[@name='email']' not found
	at com.kms.katalon.core.webui.common.WebUiCommonHelper.findWebElement(WebUiCommonHelper.java:1376)
	at com.kms.katalon.core.webui.keyword.internal.WebUIAbstractKeyword.findWebElement(WebUIAbstractKeyword.groovy:27)
	at com.kms.katalon.core.webui.keyword.internal.WebUIAbstractKeyword.findWebElement(WebUIAbstractKeyword.groovy:26)
	at com.kms.katalon.core.webui.keyword.builtin.SetTextKeyword$_setText_closure1.doCall(SetTextKeyword.groovy:51)
	at com.kms.katalon.core.webui.keyword.builtin.SetTextKeyword$_setText_closure1.call(SetTextKeyword.groovy)
	at com.kms.katalon.core.webui.keyword.internal.WebUIKeywordMain.runKeyword(WebUIKeywordMain.groovy:20)
	... 19 more]]></system-err>
   </testsuite>
</testsuites>
